<?xml version="1.0" encoding="UTF-8"?>
<!-- Generated by org.testng.reporters.JUnitReportReporter -->
<testsuite skipped="0" hostname="Dharti-Laptop" name="test.ValidateCategoryBox" tests="1" failures="0" timestamp="2022-07-08T15:31:33 EDT" time="3.421" errors="0">
  <testcase name="ValidateCategoryCheckBox" time="3.421" classname="test.ValidateCategoryBox"/>
  <system-out/>
</testsuite> <!-- test.ValidateCategoryBox -->
